<?xml version="1.0" encoding="UTF-8"?>
<robot generator="Robot 4.0.1 (Python 3.8.5 on win32)" generated="20210513 14:22:50.862" rpa="false" schemaversion="2">
<suite id="s1" name="Valid Login" source="C:\Users\Sammy\Desktop\work\S351F\proj\WebDemo-master\login_tests\valid_login.robot">
<test id="s1-t1" name="Valid Login">
<kw name="Open Browser To Login Page" library="resource">
<kw name="Open Browser" library="SeleniumLibrary">
<arg>${LOGIN URL}</arg>
<arg>${BROWSER}</arg>
<doc>Opens a new browser instance to the optional ``url``.</doc>
<msg timestamp="20210513 14:22:53.006" level="INFO">Opening browser 'Chrome' to base url 'http://localhost:7272/'.</msg>
<kw name="Capture Page Screenshot" library="SeleniumLibrary">
<doc>Takes a screenshot of the current page and embeds it into a log file.</doc>
<msg timestamp="20210513 14:22:53.009" level="INFO">Cannot capture screenshot because no browser is open.</msg>
<status status="PASS" starttime="20210513 14:22:53.009" endtime="20210513 14:22:53.009"/>
</kw>
<msg timestamp="20210513 14:22:53.057" level="FAIL">WebDriverException: Message: 'chromedriver' executable needs to be in PATH. Please see https://sites.google.com/a/chromium.org/chromedriver/home
</msg>
<status status="FAIL" starttime="20210513 14:22:53.006" endtime="20210513 14:22:53.057"/>
</kw>
<kw name="Maximize Browser Window" library="SeleniumLibrary">
<doc>Maximizes current browser window.</doc>
<status status="NOT RUN" starttime="20210513 14:22:53.057" endtime="20210513 14:22:53.057"/>
</kw>
<kw name="Set Selenium Speed" library="SeleniumLibrary">
<arg>${DELAY}</arg>
<doc>Sets the delay that is waited after each Selenium command.</doc>
<status status="NOT RUN" starttime="20210513 14:22:53.057" endtime="20210513 14:22:53.057"/>
</kw>
<kw name="Login Page Should Be Open" library="resource">
<status status="NOT RUN" starttime="20210513 14:22:53.057" endtime="20210513 14:22:53.057"/>
</kw>
<status status="FAIL" starttime="20210513 14:22:53.005" endtime="20210513 14:22:53.057"/>
</kw>
<kw name="Input Username" library="resource">
<arg>demo</arg>
<status status="NOT RUN" starttime="20210513 14:22:53.058" endtime="20210513 14:22:53.058"/>
</kw>
<kw name="Input Password" library="resource">
<arg>mode</arg>
<status status="NOT RUN" starttime="20210513 14:22:53.058" endtime="20210513 14:22:53.059"/>
</kw>
<kw name="Submit Credentials" library="resource">
<status status="NOT RUN" starttime="20210513 14:22:53.059" endtime="20210513 14:22:53.059"/>
</kw>
<kw name="Welcome Page Should Be Open" library="resource">
<status status="NOT RUN" starttime="20210513 14:22:53.059" endtime="20210513 14:22:53.059"/>
</kw>
<kw name="Close Browser" library="SeleniumLibrary" type="TEARDOWN">
<doc>Closes the current browser.</doc>
<status status="PASS" starttime="20210513 14:22:53.060" endtime="20210513 14:22:53.060"/>
</kw>
<status status="FAIL" starttime="20210513 14:22:53.005" endtime="20210513 14:22:53.060">WebDriverException: Message: 'chromedriver' executable needs to be in PATH. Please see https://sites.google.com/a/chromium.org/chromedriver/home
</status>
</test>
<doc>A test suite with a single test for valid login.

This test has a workflow that is created using keywords in
the imported resource file.</doc>
<status status="FAIL" starttime="20210513 14:22:50.865" endtime="20210513 14:22:53.061"/>
</suite>
<statistics>
<total>
<stat pass="0" fail="1" skip="0">All Tests</stat>
</total>
<tag>
</tag>
<suite>
<stat pass="0" fail="1" skip="0" id="s1" name="Valid Login">Valid Login</stat>
</suite>
</statistics>
<errors>
</errors>
</robot>
